2016-11-17 16:59:28 INFO  Пассажир 0 пришел на остановку 3 едет до 8 направление 1
2016-11-17 16:59:28 INFO  Пассажир 1 пришел на остановку 8 едет до 9 направление 1
2016-11-17 16:59:28 INFO  Пассажир 2 пришел на остановку 0 едет до 8 направление 0
2016-11-17 16:59:28 INFO  Пассажир 3 пришел на остановку 7 едет до 8 направление 1
2016-11-17 16:59:28 INFO  Пассажир 13 пришел на остановку 6 едет до 9 направление 1
2016-11-17 16:59:28 INFO  Пассажир 4 пришел на остановку 6 едет до 9 направление 1
2016-11-17 16:59:28 INFO  Пассажир 5 пришел на остановку 1 едет до 3 направление 0
2016-11-17 16:59:28 INFO  Пассажир 6 пришел на остановку 8 едет до 9 направление 1
2016-11-17 16:59:28 INFO  Пассажир 7 пришел на остановку 3 едет до 9 направление 1
2016-11-17 16:59:28 INFO  Пассажир 8 пришел на остановку 1 едет до 8 направление 0
2016-11-17 16:59:28 INFO  Пассажир 9 пришел на остановку 3 едет до 7 направление 1
2016-11-17 16:59:28 INFO  Пассажир 10 пришел на остановку 5 едет до 7 направление 1
2016-11-17 16:59:28 INFO  Пассажир 11 пришел на остановку 6 едет до 9 направление 1
2016-11-17 16:59:28 INFO  Пассажир 99 пришел на остановку 1 едет до 2 направление 1
2016-11-17 16:59:28 INFO  Пассажир 12 пришел на остановку 2 едет до 7 направление 0
2016-11-17 16:59:28 INFO  Пассажир 98 пришел на остановку 4 едет до 5 направление 1
2016-11-17 16:59:28 INFO  Пассажир 97 пришел на остановку 4 едет до 9 направление 1
2016-11-17 16:59:28 INFO  Пассажир 96 пришел на остановку 5 едет до 7 направление 1
2016-11-17 16:59:28 INFO  Пассажир 95 пришел на остановку 4 едет до 6 направление 0
2016-11-17 16:59:28 INFO  Пассажир 94 пришел на остановку 4 едет до 5 направление 0
2016-11-17 16:59:28 INFO  Пассажир 93 пришел на остановку 4 едет до 8 направление 1
2016-11-17 16:59:28 INFO  Пассажир 92 пришел на остановку 1 едет до 5 направление 1
2016-11-17 16:59:28 INFO  Пассажир 91 пришел на остановку 7 едет до 8 направление 1
2016-11-17 16:59:28 INFO  Пассажир 90 пришел на остановку 6 едет до 8 направление 1
2016-11-17 16:59:28 INFO  Пассажир 89 пришел на остановку 4 едет до 9 направление 1
2016-11-17 16:59:28 INFO  Пассажир 88 пришел на остановку 3 едет до 7 направление 0
2016-11-17 16:59:28 INFO  Пассажир 87 пришел на остановку 0 едет до 3 направление 1
2016-11-17 16:59:28 INFO  Пассажир 86 пришел на остановку 8 едет до 9 направление 1
2016-11-17 16:59:28 INFO  Пассажир 85 пришел на остановку 6 едет до 9 направление 0
2016-11-17 16:59:28 INFO  Пассажир 84 пришел на остановку 5 едет до 7 направление 1
2016-11-17 16:59:28 INFO  Пассажир 83 пришел на остановку 8 едет до 9 направление 0
2016-11-17 16:59:28 INFO  Пассажир 82 пришел на остановку 3 едет до 4 направление 0
2016-11-17 16:59:28 INFO  Пассажир 81 пришел на остановку 0 едет до 2 направление 0
2016-11-17 16:59:28 INFO  Пассажир 80 пришел на остановку 0 едет до 3 направление 1
2016-11-17 16:59:28 INFO  Пассажир 79 пришел на остановку 2 едет до 7 направление 0
2016-11-17 16:59:28 INFO  Пассажир 78 пришел на остановку 6 едет до 8 направление 0
2016-11-17 16:59:28 INFO  Пассажир 77 пришел на остановку 0 едет до 3 направление 0
2016-11-17 16:59:28 INFO  Пассажир 76 пришел на остановку 3 едет до 7 направление 0
2016-11-17 16:59:28 INFO  Пассажир 75 пришел на остановку 1 едет до 3 направление 1
2016-11-17 16:59:28 INFO  Пассажир 74 пришел на остановку 3 едет до 9 направление 1
2016-11-17 16:59:28 INFO  Пассажир 73 пришел на остановку 2 едет до 6 направление 1
2016-11-17 16:59:28 INFO  Пассажир 72 пришел на остановку 5 едет до 6 направление 0
2016-11-17 16:59:28 INFO  Пассажир 71 пришел на остановку 7 едет до 8 направление 1
2016-11-17 16:59:28 INFO  Пассажир 70 пришел на остановку 5 едет до 8 направление 1
2016-11-17 16:59:28 INFO  Пассажир 69 пришел на остановку 5 едет до 8 направление 0
2016-11-17 16:59:28 INFO  Пассажир 68 пришел на остановку 4 едет до 9 направление 0
2016-11-17 16:59:28 INFO  Пассажир 67 пришел на остановку 4 едет до 8 направление 1
2016-11-17 16:59:28 INFO  Пассажир 66 пришел на остановку 0 едет до 7 направление 0
2016-11-17 16:59:28 INFO  Пассажир 65 пришел на остановку 2 едет до 8 направление 1
2016-11-17 16:59:28 INFO  Пассажир 64 пришел на остановку 1 едет до 4 направление 1
2016-11-17 16:59:28 INFO  Пассажир 63 пришел на остановку 3 едет до 9 направление 1
2016-11-17 16:59:28 INFO  Пассажир 62 пришел на остановку 0 едет до 6 направление 0
2016-11-17 16:59:28 INFO  Пассажир 61 пришел на остановку 0 едет до 4 направление 1
2016-11-17 16:59:28 INFO  Пассажир 60 пришел на остановку 5 едет до 6 направление 1
2016-11-17 16:59:28 INFO  Пассажир 59 пришел на остановку 4 едет до 6 направление 1
2016-11-17 16:59:28 INFO  Пассажир 58 пришел на остановку 4 едет до 6 направление 0
2016-11-17 16:59:28 INFO  Пассажир 57 пришел на остановку 0 едет до 5 направление 0
2016-11-17 16:59:28 INFO  Пассажир 56 пришел на остановку 6 едет до 7 направление 0
2016-11-17 16:59:28 INFO  Пассажир 55 пришел на остановку 4 едет до 7 направление 0
2016-11-17 16:59:28 INFO  Пассажир 54 пришел на остановку 4 едет до 7 направление 1
2016-11-17 16:59:28 INFO  Пассажир 53 пришел на остановку 8 едет до 9 направление 0
2016-11-17 16:59:28 INFO  Пассажир 52 пришел на остановку 8 едет до 9 направление 0
2016-11-17 16:59:28 INFO  Пассажир 50 пришел на остановку 4 едет до 6 направление 1
2016-11-17 16:59:28 INFO  Пассажир 49 пришел на остановку 7 едет до 9 направление 1
2016-11-17 16:59:28 INFO  Пассажир 48 пришел на остановку 1 едет до 4 направление 1
2016-11-17 16:59:28 INFO  Пассажир 47 пришел на остановку 2 едет до 3 направление 1
2016-11-17 16:59:28 INFO  Пассажир 45 пришел на остановку 8 едет до 9 направление 0
2016-11-17 16:59:28 INFO  Пассажир 46 пришел на остановку 2 едет до 7 направление 1
2016-11-17 16:59:28 INFO  Пассажир 44 пришел на остановку 1 едет до 2 направление 0
2016-11-17 16:59:28 INFO  Пассажир 43 пришел на остановку 1 едет до 4 направление 1
2016-11-17 16:59:28 INFO  Пассажир 42 пришел на остановку 4 едет до 7 направление 1
2016-11-17 16:59:28 INFO  Пассажир 41 пришел на остановку 6 едет до 8 направление 1
2016-11-17 16:59:28 INFO  Пассажир 40 пришел на остановку 5 едет до 8 направление 1
2016-11-17 16:59:28 INFO  Пассажир 39 пришел на остановку 4 едет до 5 направление 0
2016-11-17 16:59:28 INFO  Пассажир 38 пришел на остановку 4 едет до 5 направление 0
2016-11-17 16:59:28 INFO  Пассажир 37 пришел на остановку 6 едет до 8 направление 0
2016-11-17 16:59:28 INFO  Пассажир 36 пришел на остановку 4 едет до 5 направление 1
2016-11-17 16:59:28 INFO  Пассажир 31 пришел на остановку 7 едет до 8 направление 1
2016-11-17 16:59:28 INFO  Пассажир 30 пришел на остановку 3 едет до 9 направление 1
2016-11-17 16:59:28 INFO  Пассажир 32 пришел на остановку 5 едет до 6 направление 0
2016-11-17 16:59:28 INFO  Пассажир 33 пришел на остановку 1 едет до 9 направление 0
2016-11-17 16:59:28 INFO  Пассажир 29 пришел на остановку 7 едет до 8 направление 1
2016-11-17 16:59:28 INFO  Пассажир 34 пришел на остановку 2 едет до 5 направление 0
2016-11-17 16:59:28 INFO  Пассажир 27 пришел на остановку 4 едет до 6 направление 0
2016-11-17 16:59:28 INFO  Пассажир 35 пришел на остановку 7 едет до 9 направление 0
2016-11-17 16:59:28 INFO  Пассажир 26 пришел на остановку 2 едет до 7 направление 1
2016-11-17 16:59:28 INFO  Пассажир 28 пришел на остановку 0 едет до 1 направление 0
2016-11-17 16:59:28 INFO  Пассажир 25 пришел на остановку 2 едет до 4 направление 1
2016-11-17 16:59:28 INFO  Пассажир 24 пришел на остановку 2 едет до 4 направление 1
2016-11-17 16:59:28 INFO  Пассажир 23 пришел на остановку 1 едет до 8 направление 0
2016-11-17 16:59:28 INFO  Пассажир 22 пришел на остановку 3 едет до 8 направление 1
2016-11-17 16:59:28 INFO  Пассажир 21 пришел на остановку 2 едет до 4 направление 1
2016-11-17 16:59:28 INFO  Пассажир 20 пришел на остановку 5 едет до 9 направление 1
2016-11-17 16:59:28 INFO  Пассажир 19 пришел на остановку 0 едет до 8 направление 1
2016-11-17 16:59:28 INFO  Пассажир 18 пришел на остановку 7 едет до 8 направление 1
2016-11-17 16:59:28 INFO  Пассажир 17 пришел на остановку 7 едет до 8 направление 0
2016-11-17 16:59:28 INFO  Пассажир 16 пришел на остановку 7 едет до 8 направление 0
2016-11-17 16:59:28 INFO  Пассажир 15 пришел на остановку 2 едет до 9 направление 0
2016-11-17 16:59:28 INFO  Пассажир 14 пришел на остановку 4 едет до 6 направление 1
2016-11-17 16:59:28 INFO  Пассажир 51 пришел на остановку 2 едет до 5 направление 0
2016-11-17 16:59:31 INFO  Автобус 0 начал работу!
2016-11-17 16:59:34 INFO  Автобус 0 привехал на остановку номер: 0 едет вперёд. Количество пассажров 0
2016-11-17 16:59:34 INFO  0 пассажиров на выход с 0 на остановке 0
2016-11-17 16:59:34 INFO  7 пассажиров на вход в автобус 0 на остановке 0
2016-11-17 16:59:34 INFO  Пассажир 28 cел в автобус 0 на остановке 0
2016-11-17 16:59:34 INFO  Пассажир 57 cел в автобус 0 на остановке 0
2016-11-17 16:59:34 INFO  Пассажир 62 cел в автобус 0 на остановке 0
2016-11-17 16:59:34 INFO  Пассажир 66 cел в автобус 0 на остановке 0
2016-11-17 16:59:34 INFO  Пассажир 77 cел в автобус 0 на остановке 0
2016-11-17 16:59:34 INFO  Пассажир 81 cел в автобус 0 на остановке 0
2016-11-17 16:59:34 INFO  Пассажир 2 cел в автобус 0 на остановке 0
2016-11-17 16:59:34 INFO  Автобус 1 начал работу!
2016-11-17 16:59:37 INFO  Приложение остановлено!
2016-11-17 16:59:37 INFO  Автобус 1 приехал на конечную станцию!
2016-11-17 16:59:37 INFO  Автобус 1 закончил работу!
2016-11-17 16:59:37 INFO  Автобус 0 приехал на конечную станцию!
2016-11-17 16:59:37 INFO  Автобус 0 закончил работу!
2016-11-17 16:59:38 INFO  Приложение завершило работу!
